name        diff        name                   score     
----------  ----------  ---------------------  ----------
888         3               GAHOU   /ê_ìﬁêÏåß  999630    
888         4               FEFEMZ  /äÿçë      998460    
A Geisha's  2               S-MABO.A/ìﬁó«åß    999960    
A Geisha's  3               CINNAMON/â¢èB      999950    
AA          3               96KOTE28/ã{èÈåß    999880    
Across the  2               PRECISE /ê_ìﬁêÏåß  999910    
Across the  3               CINNAMON/â¢èB      999980    
ACROSS WOR  2               REVEN-JI/í∑çËåß    999980    
ACROSS WOR  4               TADACHAN/ñkäCìπ    999810    
ATHER       2               HAYAKAZE/ìﬁó«åß    999760    
ATHER       3               DR.D    /ïƒçë      999480    
AFRONOVA    3               ZENIT   /ìåãûìs    1000000   
AFRONOVA P  3               $RYO$   /àÔèÈåß    999970    
AFRONOVA(X  4               GINXYASU/äÚïååß    999990    
aftershock  3               HAYAKAZE/ìﬁó«åß    999910    
Air Heroes  0               HAYATO  /à§ímåß    1000000   
Air Heroes  1               $RYO$   /àÔèÈåß    999970    
Air Heroes  2               TADACHAN/ñkäCìπ    999960    
Air Heroes  3               DR.D    /ïƒçë      999870    
Air Heroes  4               BROSONI./äCäO      999420    
Amalgamati  3               UMBRO!  /ïƒçë      999850    
Amalgamati  4               HAYAKAZE/ìﬁó«åß    999770    
Another Ph  0               WAMI    /êÁótåß    1000000   
Another Ph  1               S-MABO.A/ìﬁó«åß    1000000   
Another Ph  2               TSUYOSHI/ëÂç„ï{    999940    
Another Ph  3               RIN-GO!!/à§ímåß    999830    
Another Ph  4               HAYAKAZE/ìﬁó«åß    999700    
Anti-Matte  1               PARSEE.M/ê_ìﬁêÏåß  999930    
Anti-Matte  2               TADACHAN/ñkäCìπ    999780    
Anti-Matte  3               GAHOU   /ê_ìﬁêÏåß  999530    
Anti-Matte  4               FEFEMZ  /äÿçë      999490    
Arrabbiata  1               TAK3FUM1/ïüâ™åß    1000000   
Arrabbiata  2               SEIA-N  /ëÂç„ï{    999930    
Arrabbiata  3               S.TROPEZ/â¢èB      999900    
B4U         2               SENIOR.A/ìåãûìs    999960    
B4U         3               KOTORI  /ìåãûìs    999960    
"B4U (""VO  4               DR.D    /ïƒçë      999800    
B4U(B4 ZA   4               YASUXGIN/ìøìáåß    999980    
BAD GIRLS   3               HAMANAKA/ìåãûìs    999980    
bag         2               REVEN-JI/í∑çËåß    999860    
bag         3               HAYAKAZE/ìﬁó«åß    999800    
BE LOVIN    3               TSUYOSHI/ëÂç„ï{    999950    
Beautiful   1               EVIL-JOE/ïüâ™åß    999990    
Beautiful   2               PRECISE /ê_ìﬁêÏåß  999970    
Beautiful   3               TADACHAN/ñkäCìπ    999970    
Beautiful   4               BROSONI./äCäO      999730    
Blew My Mi  1               TADACHAN/ñkäCìπ    999940    
Blew My Mi  2               HAYAKAZE/ìﬁó«åß    999930    
Blew My Mi  3               RIN-GO!!/à§ímåß    999420    
Blew My Mi  4               FEFEMZ  /äÿçë      999250    
"Blind Jus  3               TSUYOSHI/ëÂç„ï{    999930    
Blue Rain   3               TSUYOSHI/ëÂç„ï{    999990    
Boom Boom   3               CINNAMON/â¢èB      999970    
BRIGHT STR  1               OTARUM.T/ñkäCìπ    1000000   
BRIGHT STR  2               T.NANOHA/ìåãûìs    1000000   
BRIGHT STR  3               UMBRO!  /ïƒçë      999990    
BRILLIANT   3               R.KOTORI/ìåãûìs    1000000   
Burst The   3               PRECISE /ê_ìﬁêÏåß  999990    
Butterfly   3               DR.D    /ïƒçë      999960    
Butterfly   4               FUNFAN. /àÔèÈåß    1000000   
Can Be Rea  3               CINNAMON/â¢èB      999960    
CAN'T STOP  3               DR.D    /ïƒçë      999900    
CANDY&#982  1               OTARUM.T/ñkäCìπ    1000000   
CANDY&#982  3               T.UCHIDA/åQînåß    1000000   
CANDYÅô     3               D.KONG  /ê_ìﬁêÏåß  999940    
CANDYÅô(X-  4               YASUXGIN/ìøìáåß    999910    
CAPTAIN JA  4               DR.D    /ïƒçë      999950    
CaptivAteÅ  2               S-MABO.A/ìﬁó«åß    999980    
CaptivAteÅ  3               MIMORIN /ìåãûìs    999900    
CAPTIVE     3               TADACHAN/ñkäCìπ    999990    
CG Project  2               KURAUDO /êVäÉåß    1000000   
CG Project  3               UMBRO!  /ïƒçë      1000000   
CHAOS       0               WAMI    /êÁótåß    1000000   
CHAOS       2               REVEN-JI/í∑çËåß    999840    
CHAOS       3               DR.D    /ïƒçë      999820    
CHAOS       4               DR.D    /ïƒçë      999670    
Children o  3               UMBRO!  /ïƒçë      999980    
Chinese Sn  2               PRECISE /ê_ìﬁêÏåß  999870    
Chinese Sn  3               DR.D    /ïƒçë      999700    
Chronos     3               AKANEMA3/ìåãûìs    999870    
Chronos     4               DR.D    /ïƒçë      999600    
Cleopatrys  3               TADACHAN/ñkäCìπ    999770    
COME BACK   2               PRECISE /ê_ìﬁêÏåß  999970    
COME BACK   4               OGA     /ê√â™åß    999980    
Condor      3               CINNAMON/â¢èB      999920    
Cosmic Hur  4               TSUYOSHI/ëÂç„ï{    999720    
D2R         3               CINNAMON/â¢èB      999950    
"D2R (""FR  4               DR.D    /ïƒçë      999950    
Daily Lunc  2               $RYO$   /àÔèÈåß    999840    
Daily Lunc  3               HAYAKAZE/ìﬁó«åß    999810    
DAM DARIRA  2               PRECISE /ê_ìﬁêÏåß  999970    
DAM DARIRA  3               DR.D    /ïƒçë      999920    
DAM DARIRA  4               PRECISE /ê_ìﬁêÏåß  1000000   
Dance Cele  3               UMBRO!  /ïƒçë      999880    
Dance Danc  3               SHIKAKO /ìﬁó«åß    1000000   
Dance Danc  4               SHIKAKO /ìﬁó«åß    999990    
Dance Danc  4               TSUYOSHI/ëÂç„ï{    999950    
Dazzlin' D  0               OTARUM.T/ñkäCìπ    1000000   
Dazzlin' D  1               FUNFAN. /àÔèÈåß    1000000   
Dazzlin' D  3               DR.D    /ïƒçë      999920    
Dazzlin' D  3               CINNAMON/â¢èB      999970    
DEAD END    3               CINNAMON/â¢èB      999900    
"DEAD END   4               FEFEMZ  /äÿçë      998200    
Decade      3               MIMORIN /ìåãûìs    999970    
Diamond Du  3               CINNAMON/â¢èB      999960    
Diamond Ni  3               TADACHAN/ñkäCìπ    999920    
Din Don Da  3               TADACHAN/ñkäCìπ    999940    
dirty digi  4               L.E.G-D /â¢èB      999850    
DIVE TO TH  3               ZENIT   /ìåãûìs    999960    
Do The Evo  3               S       /ñkäCìπ    999980    
DoLL        2               RYO     /ñkäCìπ    999940    
DoLL        3               R.KOTORI/ìåãûìs    999910    
Dragon Bla  3               GINXYASU/äÚïååß    999910    
DROP        3               UMEHARA!/ïƒçë      999980    
DROP OUT    3               HAYAKAZE/ìﬁó«åß    999800    
DUB-I-DUB   3               DR.D    /ïƒçë      999930    
Dummy       3               $RYO$   /àÔèÈåß    999960    
DYNAMITE R  3               DR.D    /ïƒçë      999970    
"DYNAMITE   4               AKANEMA3/ìåãûìs    1000000   
Elemental   0               YAJI    /êVäÉåß    999940    
Elemental   1               PRECISE /ê_ìﬁêÏåß  999830    
Elemental   2               HAYAKAZE/ìﬁó«åß    999720    
Elemental   3               ICNH    /ïƒçë      999510    
Elemental   4               FEFEMZ  /äÿçë      998820    
Empathetic  2               UMBRO!  /ïƒçë      999960    
